<?xml version="1.0" encoding="UTF-8"?>
<testsuite name="org.challenge.ContaTest" tests="3" skipped="0" failures="0" errors="0" timestamp="2022-11-09T21:17:05" hostname="VAN_HELSING" time="0.022">
  <properties/>
  <testcase name="validarLimiteCreditoContaCorrenteE5000()" classname="org.challenge.ContaTest" time="0.019"/>
  <testcase name="validarContadorNumeroConta()" classname="org.challenge.ContaTest" time="0.0"/>
  <testcase name="validarSeSaldoEZeroEmAmbasAsContas()" classname="org.challenge.ContaTest" time="0.001"/>
  <system-out><![CDATA[]]></system-out>
  <system-err><![CDATA[]]></system-err>
</testsuite>
