<?xml version="1.0" encoding="UTF-8"?>
<testsuite name="org.example.EscolhendoAOrdemTeste" tests="4" skipped="0" failures="0" errors="0" timestamp="2022-10-13T19:21:37" hostname="VAN_HELSING" time="0.021">
  <properties/>
  <testcase name="B" classname="org.example.EscolhendoAOrdemTeste" time="0.017"/>
  <testcase name="Teste valida A" classname="org.example.EscolhendoAOrdemTeste" time="0.001"/>
  <testcase name="D" classname="org.example.EscolhendoAOrdemTeste" time="0.001"/>
  <testcase name="C" classname="org.example.EscolhendoAOrdemTeste" time="0.0"/>
  <system-out><![CDATA[]]></system-out>
  <system-err><![CDATA[]]></system-err>
</testsuite>
